<?xml version="1.0" encoding="UTF-8"?>
<testsuite name="fhb.AppIT" tests="2" skipped="0" failures="0" errors="0" timestamp="2015-11-12T17:01:46" hostname="PC" time="0.002">
  <properties/>
  <testcase name="testHello" classname="fhb.AppIT" time="0.001"/>
  <testcase name="testApp" classname="fhb.AppIT" time="0.0"/>
  <system-out><![CDATA[]]></system-out>
  <system-err><![CDATA[]]></system-err>
</testsuite>
